2014/02/04 12:10:41 [error] [exception.CHttpException.400] exception 'CHttpException' with message 'Your request is invalid.' in /var/www/reader/ugur/yii-1.1.14.f0fee9/framework/web/CController.php:336
Stack trace:
#0 /var/www/reader/ugur/yii-1.1.14.f0fee9/framework/web/CController.php(309): CController->invalidActionParams(Object(CInlineAction))
#1 /var/www/reader/ugur/yii-1.1.14.f0fee9/framework/web/CController.php(286): CController->runAction(Object(CInlineAction))
#2 /var/www/reader/ugur/yii-1.1.14.f0fee9/framework/web/CController.php(265): CController->runActionWithFilters(Object(CInlineAction), Array)
#3 /var/www/reader/ugur/yii-1.1.14.f0fee9/framework/web/CWebApplication.php(282): CController->run('file')
#4 /var/www/reader/ugur/yii-1.1.14.f0fee9/framework/web/CWebApplication.php(141): CWebApplication->runController('content/file/8t...')
#5 /var/www/reader/ugur/yii-1.1.14.f0fee9/framework/base/CApplication.php(180): CWebApplication->processRequest()
#6 /var/www/reader/ugur/index.php(15): CApplication->run()
#7 {main}
REQUEST_URI=/ugur/index.php/content/file/8tNMdTHiaq5W1C3L41Y9YxykT1rzPj4b1tEIQOxx8HNq/webfonts/sourcesanspro.css
HTTP_REFERER=http://reader.lindneo.com/ugur/index.php/content/file/8tNMdTHiaq5W1C3L41Y9YxykT1rzPj4b1tEIQOxx8HNq/QlG3DB9WiDib2WWbM07dxfVP7z2RegkUxWnBKue5YOWz.html
---
2014/02/04 12:10:42 [error] [exception.CHttpException.400] exception 'CHttpException' with message 'Your request is invalid.' in /var/www/reader/ugur/yii-1.1.14.f0fee9/framework/web/CController.php:336
Stack trace:
#0 /var/www/reader/ugur/yii-1.1.14.f0fee9/framework/web/CController.php(309): CController->invalidActionParams(Object(CInlineAction))
#1 /var/www/reader/ugur/yii-1.1.14.f0fee9/framework/web/CController.php(286): CController->runAction(Object(CInlineAction))
#2 /var/www/reader/ugur/yii-1.1.14.f0fee9/framework/web/CController.php(265): CController->runActionWithFilters(Object(CInlineAction), Array)
#3 /var/www/reader/ugur/yii-1.1.14.f0fee9/framework/web/CWebApplication.php(282): CController->run('file')
#4 /var/www/reader/ugur/yii-1.1.14.f0fee9/framework/web/CWebApplication.php(141): CWebApplication->runController('content/file/8t...')
#5 /var/www/reader/ugur/yii-1.1.14.f0fee9/framework/base/CApplication.php(180): CWebApplication->processRequest()
#6 /var/www/reader/ugur/index.php(15): CApplication->run()
#7 {main}
REQUEST_URI=/ugur/index.php/content/file/8tNMdTHiaq5W1C3L41Y9YxykT1rzPj4b1tEIQOxx8HNq/webfonts/sourcesanspro.css
HTTP_REFERER=http://reader.lindneo.com/ugur/index.php/content/file/8tNMdTHiaq5W1C3L41Y9YxykT1rzPj4b1tEIQOxx8HNq/0QjMlITqQdqu7GJpC9NRoc6zA0O7NdUagRGw7Ox0P2bj.html
---
2014/02/04 12:10:42 [error] [exception.CHttpException.400] exception 'CHttpException' with message 'Your request is invalid.' in /var/www/reader/ugur/yii-1.1.14.f0fee9/framework/web/CController.php:336
Stack trace:
#0 /var/www/reader/ugur/yii-1.1.14.f0fee9/framework/web/CController.php(309): CController->invalidActionParams(Object(CInlineAction))
#1 /var/www/reader/ugur/yii-1.1.14.f0fee9/framework/web/CController.php(286): CController->runAction(Object(CInlineAction))
#2 /var/www/reader/ugur/yii-1.1.14.f0fee9/framework/web/CController.php(265): CController->runActionWithFilters(Object(CInlineAction), Array)
#3 /var/www/reader/ugur/yii-1.1.14.f0fee9/framework/web/CWebApplication.php(282): CController->run('file')
#4 /var/www/reader/ugur/yii-1.1.14.f0fee9/framework/web/CWebApplication.php(141): CWebApplication->runController('content/file/8t...')
#5 /var/www/reader/ugur/yii-1.1.14.f0fee9/framework/base/CApplication.php(180): CWebApplication->processRequest()
#6 /var/www/reader/ugur/index.php(15): CApplication->run()
#7 {main}
REQUEST_URI=/ugur/index.php/content/file/8tNMdTHiaq5W1C3L41Y9YxykT1rzPj4b1tEIQOxx8HNq/webfonts/chunkfive.css
HTTP_REFERER=http://reader.lindneo.com/ugur/index.php/content/file/8tNMdTHiaq5W1C3L41Y9YxykT1rzPj4b1tEIQOxx8HNq/0QjMlITqQdqu7GJpC9NRoc6zA0O7NdUagRGw7Ox0P2bj.html
---
2014/02/04 12:10:42 [error] [exception.CHttpException.400] exception 'CHttpException' with message 'Your request is invalid.' in /var/www/reader/ugur/yii-1.1.14.f0fee9/framework/web/CController.php:336
Stack trace:
#0 /var/www/reader/ugur/yii-1.1.14.f0fee9/framework/web/CController.php(309): CController->invalidActionParams(Object(CInlineAction))
#1 /var/www/reader/ugur/yii-1.1.14.f0fee9/framework/web/CController.php(286): CController->runAction(Object(CInlineAction))
#2 /var/www/reader/ugur/yii-1.1.14.f0fee9/framework/web/CController.php(265): CController->runActionWithFilters(Object(CInlineAction), Array)
#3 /var/www/reader/ugur/yii-1.1.14.f0fee9/framework/web/CWebApplication.php(282): CController->run('file')
#4 /var/www/reader/ugur/yii-1.1.14.f0fee9/framework/web/CWebApplication.php(141): CWebApplication->runController('content/file/8t...')
#5 /var/www/reader/ugur/yii-1.1.14.f0fee9/framework/base/CApplication.php(180): CWebApplication->processRequest()
#6 /var/www/reader/ugur/index.php(15): CApplication->run()
#7 {main}
REQUEST_URI=/ugur/index.php/content/file/8tNMdTHiaq5W1C3L41Y9YxykT1rzPj4b1tEIQOxx8HNq/webfonts/exo.css
HTTP_REFERER=http://reader.lindneo.com/ugur/index.php/content/file/8tNMdTHiaq5W1C3L41Y9YxykT1rzPj4b1tEIQOxx8HNq/0QjMlITqQdqu7GJpC9NRoc6zA0O7NdUagRGw7Ox0P2bj.html
---
2014/02/04 12:10:42 [error] [exception.CHttpException.400] exception 'CHttpException' with message 'Your request is invalid.' in /var/www/reader/ugur/yii-1.1.14.f0fee9/framework/web/CController.php:336
Stack trace:
#0 /var/www/reader/ugur/yii-1.1.14.f0fee9/framework/web/CController.php(309): CController->invalidActionParams(Object(CInlineAction))
#1 /var/www/reader/ugur/yii-1.1.14.f0fee9/framework/web/CController.php(286): CController->runAction(Object(CInlineAction))
#2 /var/www/reader/ugur/yii-1.1.14.f0fee9/framework/web/CController.php(265): CController->runActionWithFilters(Object(CInlineAction), Array)
#3 /var/www/reader/ugur/yii-1.1.14.f0fee9/framework/web/CWebApplication.php(282): CController->run('file')
#4 /var/www/reader/ugur/yii-1.1.14.f0fee9/framework/web/CWebApplication.php(141): CWebApplication->runController('content/file/8t...')
#5 /var/www/reader/ugur/yii-1.1.14.f0fee9/framework/base/CApplication.php(180): CWebApplication->processRequest()
#6 /var/www/reader/ugur/index.php(15): CApplication->run()
#7 {main}
REQUEST_URI=/ugur/index.php/content/file/8tNMdTHiaq5W1C3L41Y9YxykT1rzPj4b1tEIQOxx8HNq/webfonts/alexbrush-regular.css
HTTP_REFERER=http://reader.lindneo.com/ugur/index.php/content/file/8tNMdTHiaq5W1C3L41Y9YxykT1rzPj4b1tEIQOxx8HNq/0QjMlITqQdqu7GJpC9NRoc6zA0O7NdUagRGw7Ox0P2bj.html
---
2014/02/04 12:10:42 [error] [exception.CHttpException.400] exception 'CHttpException' with message 'Your request is invalid.' in /var/www/reader/ugur/yii-1.1.14.f0fee9/framework/web/CController.php:336
Stack trace:
#0 /var/www/reader/ugur/yii-1.1.14.f0fee9/framework/web/CController.php(309): CController->invalidActionParams(Object(CInlineAction))
#1 /var/www/reader/ugur/yii-1.1.14.f0fee9/framework/web/CController.php(286): CController->runAction(Object(CInlineAction))
#2 /var/www/reader/ugur/yii-1.1.14.f0fee9/framework/web/CController.php(265): CController->runActionWithFilters(Object(CInlineAction), Array)
#3 /var/www/reader/ugur/yii-1.1.14.f0fee9/framework/web/CWebApplication.php(282): CController->run('file')
#4 /var/www/reader/ugur/yii-1.1.14.f0fee9/framework/web/CWebApplication.php(141): CWebApplication->runController('content/file/8t...')
#5 /var/www/reader/ugur/yii-1.1.14.f0fee9/framework/base/CApplication.php(180): CWebApplication->processRequest()
#6 /var/www/reader/ugur/index.php(15): CApplication->run()
#7 {main}
REQUEST_URI=/ugur/index.php/content/file/8tNMdTHiaq5W1C3L41Y9YxykT1rzPj4b1tEIQOxx8HNq/webfonts/cantarell.css
HTTP_REFERER=http://reader.lindneo.com/ugur/index.php/content/file/8tNMdTHiaq5W1C3L41Y9YxykT1rzPj4b1tEIQOxx8HNq/0QjMlITqQdqu7GJpC9NRoc6zA0O7NdUagRGw7Ox0P2bj.html
---
2014/02/04 12:10:42 [error] [exception.CHttpException.400] exception 'CHttpException' with message 'Your request is invalid.' in /var/www/reader/ugur/yii-1.1.14.f0fee9/framework/web/CController.php:336
Stack trace:
#0 /var/www/reader/ugur/yii-1.1.14.f0fee9/framework/web/CController.php(309): CController->invalidActionParams(Object(CInlineAction))
#1 /var/www/reader/ugur/yii-1.1.14.f0fee9/framework/web/CController.php(286): CController->runAction(Object(CInlineAction))
#2 /var/www/reader/ugur/yii-1.1.14.f0fee9/framework/web/CController.php(265): CController->runActionWithFilters(Object(CInlineAction), Array)
#3 /var/www/reader/ugur/yii-1.1.14.f0fee9/framework/web/CWebApplication.php(282): CController->run('file')
#4 /var/www/reader/ugur/yii-1.1.14.f0fee9/framework/web/CWebApplication.php(141): CWebApplication->runController('content/file/8t...')
#5 /var/www/reader/ugur/yii-1.1.14.f0fee9/framework/base/CApplication.php(180): CWebApplication->processRequest()
#6 /var/www/reader/ugur/index.php(15): CApplication->run()
#7 {main}
REQUEST_URI=/ugur/index.php/content/file/8tNMdTHiaq5W1C3L41Y9YxykT1rzPj4b1tEIQOxx8HNq/webfonts/aller.css
HTTP_REFERER=http://reader.lindneo.com/ugur/index.php/content/file/8tNMdTHiaq5W1C3L41Y9YxykT1rzPj4b1tEIQOxx8HNq/0QjMlITqQdqu7GJpC9NRoc6zA0O7NdUagRGw7Ox0P2bj.html
---
2014/02/04 12:10:44 [error] [exception.CHttpException.400] exception 'CHttpException' with message 'Your request is invalid.' in /var/www/reader/ugur/yii-1.1.14.f0fee9/framework/web/CController.php:336
Stack trace:
#0 /var/www/reader/ugur/yii-1.1.14.f0fee9/framework/web/CController.php(309): CController->invalidActionParams(Object(CInlineAction))
#1 /var/www/reader/ugur/yii-1.1.14.f0fee9/framework/web/CController.php(286): CController->runAction(Object(CInlineAction))
#2 /var/www/reader/ugur/yii-1.1.14.f0fee9/framework/web/CController.php(265): CController->runActionWithFilters(Object(CInlineAction), Array)
#3 /var/www/reader/ugur/yii-1.1.14.f0fee9/framework/web/CWebApplication.php(282): CController->run('file')
#4 /var/www/reader/ugur/yii-1.1.14.f0fee9/framework/web/CWebApplication.php(141): CWebApplication->runController('content/file/8t...')
#5 /var/www/reader/ugur/yii-1.1.14.f0fee9/framework/base/CApplication.php(180): CWebApplication->processRequest()
#6 /var/www/reader/ugur/index.php(15): CApplication->run()
#7 {main}
REQUEST_URI=/ugur/index.php/content/file/8tNMdTHiaq5W1C3L41Y9YxykT1rzPj4b1tEIQOxx8HNq/webfonts/chunkfive.css
HTTP_REFERER=http://reader.lindneo.com/ugur/index.php/content/file/8tNMdTHiaq5W1C3L41Y9YxykT1rzPj4b1tEIQOxx8HNq/1cqXgKffG441xkNY7O78ipXw6k8lJm5VVm235hs9wRHc.html
---
2014/02/04 12:10:44 [error] [exception.CHttpException.400] exception 'CHttpException' with message 'Your request is invalid.' in /var/www/reader/ugur/yii-1.1.14.f0fee9/framework/web/CController.php:336
Stack trace:
#0 /var/www/reader/ugur/yii-1.1.14.f0fee9/framework/web/CController.php(309): CController->invalidActionParams(Object(CInlineAction))
#1 /var/www/reader/ugur/yii-1.1.14.f0fee9/framework/web/CController.php(286): CController->runAction(Object(CInlineAction))
#2 /var/www/reader/ugur/yii-1.1.14.f0fee9/framework/web/CController.php(265): CController->runActionWithFilters(Object(CInlineAction), Array)
#3 /var/www/reader/ugur/yii-1.1.14.f0fee9/framework/web/CWebApplication.php(282): CController->run('file')
#4 /var/www/reader/ugur/yii-1.1.14.f0fee9/framework/web/CWebApplication.php(141): CWebApplication->runController('content/file/8t...')
#5 /var/www/reader/ugur/yii-1.1.14.f0fee9/framework/base/CApplication.php(180): CWebApplication->processRequest()
#6 /var/www/reader/ugur/index.php(15): CApplication->run()
#7 {main}
REQUEST_URI=/ugur/index.php/content/file/8tNMdTHiaq5W1C3L41Y9YxykT1rzPj4b1tEIQOxx8HNq/webfonts/alexbrush-regular.css
HTTP_REFERER=http://reader.lindneo.com/ugur/index.php/content/file/8tNMdTHiaq5W1C3L41Y9YxykT1rzPj4b1tEIQOxx8HNq/1cqXgKffG441xkNY7O78ipXw6k8lJm5VVm235hs9wRHc.html
---
2014/02/04 12:10:44 [error] [exception.CHttpException.400] exception 'CHttpException' with message 'Your request is invalid.' in /var/www/reader/ugur/yii-1.1.14.f0fee9/framework/web/CController.php:336
Stack trace:
#0 /var/www/reader/ugur/yii-1.1.14.f0fee9/framework/web/CController.php(309): CController->invalidActionParams(Object(CInlineAction))
#1 /var/www/reader/ugur/yii-1.1.14.f0fee9/framework/web/CController.php(286): CController->runAction(Object(CInlineAction))
#2 /var/www/reader/ugur/yii-1.1.14.f0fee9/framework/web/CController.php(265): CController->runActionWithFilters(Object(CInlineAction), Array)
#3 /var/www/reader/ugur/yii-1.1.14.f0fee9/framework/web/CWebApplication.php(282): CController->run('file')
#4 /var/www/reader/ugur/yii-1.1.14.f0fee9/framework/web/CWebApplication.php(141): CWebApplication->runController('content/file/8t...')
#5 /var/www/reader/ugur/yii-1.1.14.f0fee9/framework/base/CApplication.php(180): CWebApplication->processRequest()
#6 /var/www/reader/ugur/index.php(15): CApplication->run()
#7 {main}
REQUEST_URI=/ugur/index.php/content/file/8tNMdTHiaq5W1C3L41Y9YxykT1rzPj4b1tEIQOxx8HNq/webfonts/sourcesanspro.css
HTTP_REFERER=http://reader.lindneo.com/ugur/index.php/content/file/8tNMdTHiaq5W1C3L41Y9YxykT1rzPj4b1tEIQOxx8HNq/1cqXgKffG441xkNY7O78ipXw6k8lJm5VVm235hs9wRHc.html
---
2014/02/04 12:10:44 [error] [exception.CHttpException.400] exception 'CHttpException' with message 'Your request is invalid.' in /var/www/reader/ugur/yii-1.1.14.f0fee9/framework/web/CController.php:336
Stack trace:
#0 /var/www/reader/ugur/yii-1.1.14.f0fee9/framework/web/CController.php(309): CController->invalidActionParams(Object(CInlineAction))
#1 /var/www/reader/ugur/yii-1.1.14.f0fee9/framework/web/CController.php(286): CController->runAction(Object(CInlineAction))
#2 /var/www/reader/ugur/yii-1.1.14.f0fee9/framework/web/CController.php(265): CController->runActionWithFilters(Object(CInlineAction), Array)
#3 /var/www/reader/ugur/yii-1.1.14.f0fee9/framework/web/CWebApplication.php(282): CController->run('file')
#4 /var/www/reader/ugur/yii-1.1.14.f0fee9/framework/web/CWebApplication.php(141): CWebApplication->runController('content/file/8t...')
#5 /var/www/reader/ugur/yii-1.1.14.f0fee9/framework/base/CApplication.php(180): CWebApplication->processRequest()
#6 /var/www/reader/ugur/index.php(15): CApplication->run()
#7 {main}
REQUEST_URI=/ugur/index.php/content/file/8tNMdTHiaq5W1C3L41Y9YxykT1rzPj4b1tEIQOxx8HNq/webfonts/aller.css
HTTP_REFERER=http://reader.lindneo.com/ugur/index.php/content/file/8tNMdTHiaq5W1C3L41Y9YxykT1rzPj4b1tEIQOxx8HNq/1cqXgKffG441xkNY7O78ipXw6k8lJm5VVm235hs9wRHc.html
---
2014/02/04 12:10:44 [error] [exception.CHttpException.400] exception 'CHttpException' with message 'Your request is invalid.' in /var/www/reader/ugur/yii-1.1.14.f0fee9/framework/web/CController.php:336
Stack trace:
#0 /var/www/reader/ugur/yii-1.1.14.f0fee9/framework/web/CController.php(309): CController->invalidActionParams(Object(CInlineAction))
#1 /var/www/reader/ugur/yii-1.1.14.f0fee9/framework/web/CController.php(286): CController->runAction(Object(CInlineAction))
#2 /var/www/reader/ugur/yii-1.1.14.f0fee9/framework/web/CController.php(265): CController->runActionWithFilters(Object(CInlineAction), Array)
#3 /var/www/reader/ugur/yii-1.1.14.f0fee9/framework/web/CWebApplication.php(282): CController->run('file')
#4 /var/www/reader/ugur/yii-1.1.14.f0fee9/framework/web/CWebApplication.php(141): CWebApplication->runController('content/file/8t...')
#5 /var/www/reader/ugur/yii-1.1.14.f0fee9/framework/base/CApplication.php(180): CWebApplication->processRequest()
#6 /var/www/reader/ugur/index.php(15): CApplication->run()
#7 {main}
REQUEST_URI=/ugur/index.php/content/file/8tNMdTHiaq5W1C3L41Y9YxykT1rzPj4b1tEIQOxx8HNq/webfonts/exo.css
HTTP_REFERER=http://reader.lindneo.com/ugur/index.php/content/file/8tNMdTHiaq5W1C3L41Y9YxykT1rzPj4b1tEIQOxx8HNq/1cqXgKffG441xkNY7O78ipXw6k8lJm5VVm235hs9wRHc.html
---
2014/02/04 12:10:44 [error] [exception.CHttpException.400] exception 'CHttpException' with message 'Your request is invalid.' in /var/www/reader/ugur/yii-1.1.14.f0fee9/framework/web/CController.php:336
Stack trace:
#0 /var/www/reader/ugur/yii-1.1.14.f0fee9/framework/web/CController.php(309): CController->invalidActionParams(Object(CInlineAction))
#1 /var/www/reader/ugur/yii-1.1.14.f0fee9/framework/web/CController.php(286): CController->runAction(Object(CInlineAction))
#2 /var/www/reader/ugur/yii-1.1.14.f0fee9/framework/web/CController.php(265): CController->runActionWithFilters(Object(CInlineAction), Array)
#3 /var/www/reader/ugur/yii-1.1.14.f0fee9/framework/web/CWebApplication.php(282): CController->run('file')
#4 /var/www/reader/ugur/yii-1.1.14.f0fee9/framework/web/CWebApplication.php(141): CWebApplication->runController('content/file/8t...')
#5 /var/www/reader/ugur/yii-1.1.14.f0fee9/framework/base/CApplication.php(180): CWebApplication->processRequest()
#6 /var/www/reader/ugur/index.php(15): CApplication->run()
#7 {main}
REQUEST_URI=/ugur/index.php/content/file/8tNMdTHiaq5W1C3L41Y9YxykT1rzPj4b1tEIQOxx8HNq/webfonts/cantarell.css
HTTP_REFERER=http://reader.lindneo.com/ugur/index.php/content/file/8tNMdTHiaq5W1C3L41Y9YxykT1rzPj4b1tEIQOxx8HNq/1cqXgKffG441xkNY7O78ipXw6k8lJm5VVm235hs9wRHc.html
---
2014/02/04 12:10:45 [error] [exception.CHttpException.400] exception 'CHttpException' with message 'Your request is invalid.' in /var/www/reader/ugur/yii-1.1.14.f0fee9/framework/web/CController.php:336
Stack trace:
#0 /var/www/reader/ugur/yii-1.1.14.f0fee9/framework/web/CController.php(309): CController->invalidActionParams(Object(CInlineAction))
#1 /var/www/reader/ugur/yii-1.1.14.f0fee9/framework/web/CController.php(286): CController->runAction(Object(CInlineAction))
#2 /var/www/reader/ugur/yii-1.1.14.f0fee9/framework/web/CController.php(265): CController->runActionWithFilters(Object(CInlineAction), Array)
#3 /var/www/reader/ugur/yii-1.1.14.f0fee9/framework/web/CWebApplication.php(282): CController->run('file')
#4 /var/www/reader/ugur/yii-1.1.14.f0fee9/framework/web/CWebApplication.php(141): CWebApplication->runController('content/file/8t...')
#5 /var/www/reader/ugur/yii-1.1.14.f0fee9/framework/base/CApplication.php(180): CWebApplication->processRequest()
#6 /var/www/reader/ugur/index.php(15): CApplication->run()
#7 {main}
REQUEST_URI=/ugur/index.php/content/file/8tNMdTHiaq5W1C3L41Y9YxykT1rzPj4b1tEIQOxx8HNq/webfonts/aller.css
HTTP_REFERER=http://reader.lindneo.com/ugur/index.php/content/file/8tNMdTHiaq5W1C3L41Y9YxykT1rzPj4b1tEIQOxx8HNq/Gx60uezzGXtXFkMm0pctIe4IS6oxTCnp1HAbUHjAL2Mj.html
---
2014/02/04 12:10:45 [error] [exception.CHttpException.400] exception 'CHttpException' with message 'Your request is invalid.' in /var/www/reader/ugur/yii-1.1.14.f0fee9/framework/web/CController.php:336
Stack trace:
#0 /var/www/reader/ugur/yii-1.1.14.f0fee9/framework/web/CController.php(309): CController->invalidActionParams(Object(CInlineAction))
#1 /var/www/reader/ugur/yii-1.1.14.f0fee9/framework/web/CController.php(286): CController->runAction(Object(CInlineAction))
#2 /var/www/reader/ugur/yii-1.1.14.f0fee9/framework/web/CController.php(265): CController->runActionWithFilters(Object(CInlineAction), Array)
#3 /var/www/reader/ugur/yii-1.1.14.f0fee9/framework/web/CWebApplication.php(282): CController->run('file')
#4 /var/www/reader/ugur/yii-1.1.14.f0fee9/framework/web/CWebApplication.php(141): CWebApplication->runController('content/file/8t...')
#5 /var/www/reader/ugur/yii-1.1.14.f0fee9/framework/base/CApplication.php(180): CWebApplication->processRequest()
#6 /var/www/reader/ugur/index.php(15): CApplication->run()
#7 {main}
REQUEST_URI=/ugur/index.php/content/file/8tNMdTHiaq5W1C3L41Y9YxykT1rzPj4b1tEIQOxx8HNq/webfonts/sourcesanspro.css
HTTP_REFERER=http://reader.lindneo.com/ugur/index.php/content/file/8tNMdTHiaq5W1C3L41Y9YxykT1rzPj4b1tEIQOxx8HNq/Gx60uezzGXtXFkMm0pctIe4IS6oxTCnp1HAbUHjAL2Mj.html
---
2014/02/04 12:10:45 [error] [exception.CHttpException.400] exception 'CHttpException' with message 'Your request is invalid.' in /var/www/reader/ugur/yii-1.1.14.f0fee9/framework/web/CController.php:336
Stack trace:
#0 /var/www/reader/ugur/yii-1.1.14.f0fee9/framework/web/CController.php(309): CController->invalidActionParams(Object(CInlineAction))
#1 /var/www/reader/ugur/yii-1.1.14.f0fee9/framework/web/CController.php(286): CController->runAction(Object(CInlineAction))
#2 /var/www/reader/ugur/yii-1.1.14.f0fee9/framework/web/CController.php(265): CController->runActionWithFilters(Object(CInlineAction), Array)
#3 /var/www/reader/ugur/yii-1.1.14.f0fee9/framework/web/CWebApplication.php(282): CController->run('file')
#4 /var/www/reader/ugur/yii-1.1.14.f0fee9/framework/web/CWebApplication.php(141): CWebApplication->runController('content/file/8t...')
#5 /var/www/reader/ugur/yii-1.1.14.f0fee9/framework/base/CApplication.php(180): CWebApplication->processRequest()
#6 /var/www/reader/ugur/index.php(15): CApplication->run()
#7 {main}
REQUEST_URI=/ugur/index.php/content/file/8tNMdTHiaq5W1C3L41Y9YxykT1rzPj4b1tEIQOxx8HNq/webfonts/chunkfive.css
HTTP_REFERER=http://reader.lindneo.com/ugur/index.php/content/file/8tNMdTHiaq5W1C3L41Y9YxykT1rzPj4b1tEIQOxx8HNq/Gx60uezzGXtXFkMm0pctIe4IS6oxTCnp1HAbUHjAL2Mj.html
---
2014/02/04 12:10:45 [error] [exception.CHttpException.400] exception 'CHttpException' with message 'Your request is invalid.' in /var/www/reader/ugur/yii-1.1.14.f0fee9/framework/web/CController.php:336
Stack trace:
#0 /var/www/reader/ugur/yii-1.1.14.f0fee9/framework/web/CController.php(309): CController->invalidActionParams(Object(CInlineAction))
#1 /var/www/reader/ugur/yii-1.1.14.f0fee9/framework/web/CController.php(286): CController->runAction(Object(CInlineAction))
#2 /var/www/reader/ugur/yii-1.1.14.f0fee9/framework/web/CController.php(265): CController->runActionWithFilters(Object(CInlineAction), Array)
#3 /var/www/reader/ugur/yii-1.1.14.f0fee9/framework/web/CWebApplication.php(282): CController->run('file')
#4 /var/www/reader/ugur/yii-1.1.14.f0fee9/framework/web/CWebApplication.php(141): CWebApplication->runController('content/file/8t...')
#5 /var/www/reader/ugur/yii-1.1.14.f0fee9/framework/base/CApplication.php(180): CWebApplication->processRequest()
#6 /var/www/reader/ugur/index.php(15): CApplication->run()
#7 {main}
REQUEST_URI=/ugur/index.php/content/file/8tNMdTHiaq5W1C3L41Y9YxykT1rzPj4b1tEIQOxx8HNq/webfonts/cantarell.css
HTTP_REFERER=http://reader.lindneo.com/ugur/index.php/content/file/8tNMdTHiaq5W1C3L41Y9YxykT1rzPj4b1tEIQOxx8HNq/Gx60uezzGXtXFkMm0pctIe4IS6oxTCnp1HAbUHjAL2Mj.html
---
2014/02/04 12:10:45 [error] [exception.CHttpException.400] exception 'CHttpException' with message 'Your request is invalid.' in /var/www/reader/ugur/yii-1.1.14.f0fee9/framework/web/CController.php:336
Stack trace:
#0 /var/www/reader/ugur/yii-1.1.14.f0fee9/framework/web/CController.php(309): CController->invalidActionParams(Object(CInlineAction))
#1 /var/www/reader/ugur/yii-1.1.14.f0fee9/framework/web/CController.php(286): CController->runAction(Object(CInlineAction))
#2 /var/www/reader/ugur/yii-1.1.14.f0fee9/framework/web/CController.php(265): CController->runActionWithFilters(Object(CInlineAction), Array)
#3 /var/www/reader/ugur/yii-1.1.14.f0fee9/framework/web/CWebApplication.php(282): CController->run('file')
#4 /var/www/reader/ugur/yii-1.1.14.f0fee9/framework/web/CWebApplication.php(141): CWebApplication->runController('content/file/8t...')
#5 /var/www/reader/ugur/yii-1.1.14.f0fee9/framework/base/CApplication.php(180): CWebApplication->processRequest()
#6 /var/www/reader/ugur/index.php(15): CApplication->run()
#7 {main}
REQUEST_URI=/ugur/index.php/content/file/8tNMdTHiaq5W1C3L41Y9YxykT1rzPj4b1tEIQOxx8HNq/webfonts/alexbrush-regular.css
HTTP_REFERER=http://reader.lindneo.com/ugur/index.php/content/file/8tNMdTHiaq5W1C3L41Y9YxykT1rzPj4b1tEIQOxx8HNq/Gx60uezzGXtXFkMm0pctIe4IS6oxTCnp1HAbUHjAL2Mj.html
---
2014/02/04 12:10:45 [error] [exception.CHttpException.400] exception 'CHttpException' with message 'Your request is invalid.' in /var/www/reader/ugur/yii-1.1.14.f0fee9/framework/web/CController.php:336
Stack trace:
#0 /var/www/reader/ugur/yii-1.1.14.f0fee9/framework/web/CController.php(309): CController->invalidActionParams(Object(CInlineAction))
#1 /var/www/reader/ugur/yii-1.1.14.f0fee9/framework/web/CController.php(286): CController->runAction(Object(CInlineAction))
#2 /var/www/reader/ugur/yii-1.1.14.f0fee9/framework/web/CController.php(265): CController->runActionWithFilters(Object(CInlineAction), Array)
#3 /var/www/reader/ugur/yii-1.1.14.f0fee9/framework/web/CWebApplication.php(282): CController->run('file')
#4 /var/www/reader/ugur/yii-1.1.14.f0fee9/framework/web/CWebApplication.php(141): CWebApplication->runController('content/file/8t...')
#5 /var/www/reader/ugur/yii-1.1.14.f0fee9/framework/base/CApplication.php(180): CWebApplication->processRequest()
#6 /var/www/reader/ugur/index.php(15): CApplication->run()
#7 {main}
REQUEST_URI=/ugur/index.php/content/file/8tNMdTHiaq5W1C3L41Y9YxykT1rzPj4b1tEIQOxx8HNq/webfonts/exo.css
HTTP_REFERER=http://reader.lindneo.com/ugur/index.php/content/file/8tNMdTHiaq5W1C3L41Y9YxykT1rzPj4b1tEIQOxx8HNq/Gx60uezzGXtXFkMm0pctIe4IS6oxTCnp1HAbUHjAL2Mj.html
---
2014/02/04 12:10:48 [error] [exception.CHttpException.400] exception 'CHttpException' with message 'Your request is invalid.' in /var/www/reader/ugur/yii-1.1.14.f0fee9/framework/web/CController.php:336
Stack trace:
#0 /var/www/reader/ugur/yii-1.1.14.f0fee9/framework/web/CController.php(309): CController->invalidActionParams(Object(CInlineAction))
#1 /var/www/reader/ugur/yii-1.1.14.f0fee9/framework/web/CController.php(286): CController->runAction(Object(CInlineAction))
#2 /var/www/reader/ugur/yii-1.1.14.f0fee9/framework/web/CController.php(265): CController->runActionWithFilters(Object(CInlineAction), Array)
#3 /var/www/reader/ugur/yii-1.1.14.f0fee9/framework/web/CWebApplication.php(282): CController->run('file')
#4 /var/www/reader/ugur/yii-1.1.14.f0fee9/framework/web/CWebApplication.php(141): CWebApplication->runController('content/file/8t...')
#5 /var/www/reader/ugur/yii-1.1.14.f0fee9/framework/base/CApplication.php(180): CWebApplication->processRequest()
#6 /var/www/reader/ugur/index.php(15): CApplication->run()
#7 {main}
REQUEST_URI=/ugur/index.php/content/file/8tNMdTHiaq5W1C3L41Y9YxykT1rzPj4b1tEIQOxx8HNq/webfonts/alexbrush-regular.css
HTTP_REFERER=http://reader.lindneo.com/ugur/index.php/content/file/8tNMdTHiaq5W1C3L41Y9YxykT1rzPj4b1tEIQOxx8HNq/tFGWDws3hPHfFlPoI5X0svRPSOwXJs9SRTQTFIsLzzeJ.html
---
2014/02/04 12:10:48 [error] [exception.CHttpException.400] exception 'CHttpException' with message 'Your request is invalid.' in /var/www/reader/ugur/yii-1.1.14.f0fee9/framework/web/CController.php:336
Stack trace:
#0 /var/www/reader/ugur/yii-1.1.14.f0fee9/framework/web/CController.php(309): CController->invalidActionParams(Object(CInlineAction))
#1 /var/www/reader/ugur/yii-1.1.14.f0fee9/framework/web/CController.php(286): CController->runAction(Object(CInlineAction))
#2 /var/www/reader/ugur/yii-1.1.14.f0fee9/framework/web/CController.php(265): CController->runActionWithFilters(Object(CInlineAction), Array)
#3 /var/www/reader/ugur/yii-1.1.14.f0fee9/framework/web/CWebApplication.php(282): CController->run('file')
#4 /var/www/reader/ugur/yii-1.1.14.f0fee9/framework/web/CWebApplication.php(141): CWebApplication->runController('content/file/8t...')
#5 /var/www/reader/ugur/yii-1.1.14.f0fee9/framework/base/CApplication.php(180): CWebApplication->processRequest()
#6 /var/www/reader/ugur/index.php(15): CApplication->run()
#7 {main}
REQUEST_URI=/ugur/index.php/content/file/8tNMdTHiaq5W1C3L41Y9YxykT1rzPj4b1tEIQOxx8HNq/webfonts/aller.css
HTTP_REFERER=http://reader.lindneo.com/ugur/index.php/content/file/8tNMdTHiaq5W1C3L41Y9YxykT1rzPj4b1tEIQOxx8HNq/tFGWDws3hPHfFlPoI5X0svRPSOwXJs9SRTQTFIsLzzeJ.html
---
2014/02/04 12:10:48 [error] [exception.CHttpException.400] exception 'CHttpException' with message 'Your request is invalid.' in /var/www/reader/ugur/yii-1.1.14.f0fee9/framework/web/CController.php:336
Stack trace:
#0 /var/www/reader/ugur/yii-1.1.14.f0fee9/framework/web/CController.php(309): CController->invalidActionParams(Object(CInlineAction))
#1 /var/www/reader/ugur/yii-1.1.14.f0fee9/framework/web/CController.php(286): CController->runAction(Object(CInlineAction))
#2 /var/www/reader/ugur/yii-1.1.14.f0fee9/framework/web/CController.php(265): CController->runActionWithFilters(Object(CInlineAction), Array)
#3 /var/www/reader/ugur/yii-1.1.14.f0fee9/framework/web/CWebApplication.php(282): CController->run('file')
#4 /var/www/reader/ugur/yii-1.1.14.f0fee9/framework/web/CWebApplication.php(141): CWebApplication->runController('content/file/8t...')
#5 /var/www/reader/ugur/yii-1.1.14.f0fee9/framework/base/CApplication.php(180): CWebApplication->processRequest()
#6 /var/www/reader/ugur/index.php(15): CApplication->run()
#7 {main}
REQUEST_URI=/ugur/index.php/content/file/8tNMdTHiaq5W1C3L41Y9YxykT1rzPj4b1tEIQOxx8HNq/webfonts/cantarell.css
HTTP_REFERER=http://reader.lindneo.com/ugur/index.php/content/file/8tNMdTHiaq5W1C3L41Y9YxykT1rzPj4b1tEIQOxx8HNq/tFGWDws3hPHfFlPoI5X0svRPSOwXJs9SRTQTFIsLzzeJ.html
---
2014/02/04 12:10:48 [error] [exception.CHttpException.400] exception 'CHttpException' with message 'Your request is invalid.' in /var/www/reader/ugur/yii-1.1.14.f0fee9/framework/web/CController.php:336
Stack trace:
#0 /var/www/reader/ugur/yii-1.1.14.f0fee9/framework/web/CController.php(309): CController->invalidActionParams(Object(CInlineAction))
#1 /var/www/reader/ugur/yii-1.1.14.f0fee9/framework/web/CController.php(286): CController->runAction(Object(CInlineAction))
#2 /var/www/reader/ugur/yii-1.1.14.f0fee9/framework/web/CController.php(265): CController->runActionWithFilters(Object(CInlineAction), Array)
#3 /var/www/reader/ugur/yii-1.1.14.f0fee9/framework/web/CWebApplication.php(282): CController->run('file')
#4 /var/www/reader/ugur/yii-1.1.14.f0fee9/framework/web/CWebApplication.php(141): CWebApplication->runController('content/file/8t...')
#5 /var/www/reader/ugur/yii-1.1.14.f0fee9/framework/base/CApplication.php(180): CWebApplication->processRequest()
#6 /var/www/reader/ugur/index.php(15): CApplication->run()
#7 {main}
REQUEST_URI=/ugur/index.php/content/file/8tNMdTHiaq5W1C3L41Y9YxykT1rzPj4b1tEIQOxx8HNq/webfonts/sourcesanspro.css
HTTP_REFERER=http://reader.lindneo.com/ugur/index.php/content/file/8tNMdTHiaq5W1C3L41Y9YxykT1rzPj4b1tEIQOxx8HNq/tFGWDws3hPHfFlPoI5X0svRPSOwXJs9SRTQTFIsLzzeJ.html
---
2014/02/04 12:10:48 [error] [exception.CHttpException.400] exception 'CHttpException' with message 'Your request is invalid.' in /var/www/reader/ugur/yii-1.1.14.f0fee9/framework/web/CController.php:336
Stack trace:
#0 /var/www/reader/ugur/yii-1.1.14.f0fee9/framework/web/CController.php(309): CController->invalidActionParams(Object(CInlineAction))
#1 /var/www/reader/ugur/yii-1.1.14.f0fee9/framework/web/CController.php(286): CController->runAction(Object(CInlineAction))
#2 /var/www/reader/ugur/yii-1.1.14.f0fee9/framework/web/CController.php(265): CController->runActionWithFilters(Object(CInlineAction), Array)
#3 /var/www/reader/ugur/yii-1.1.14.f0fee9/framework/web/CWebApplication.php(282): CController->run('file')
#4 /var/www/reader/ugur/yii-1.1.14.f0fee9/framework/web/CWebApplication.php(141): CWebApplication->runController('content/file/8t...')
#5 /var/www/reader/ugur/yii-1.1.14.f0fee9/framework/base/CApplication.php(180): CWebApplication->processRequest()
#6 /var/www/reader/ugur/index.php(15): CApplication->run()
#7 {main}
REQUEST_URI=/ugur/index.php/content/file/8tNMdTHiaq5W1C3L41Y9YxykT1rzPj4b1tEIQOxx8HNq/webfonts/chunkfive.css
HTTP_REFERER=http://reader.lindneo.com/ugur/index.php/content/file/8tNMdTHiaq5W1C3L41Y9YxykT1rzPj4b1tEIQOxx8HNq/tFGWDws3hPHfFlPoI5X0svRPSOwXJs9SRTQTFIsLzzeJ.html
---
2014/02/04 12:10:48 [error] [exception.CHttpException.400] exception 'CHttpException' with message 'Your request is invalid.' in /var/www/reader/ugur/yii-1.1.14.f0fee9/framework/web/CController.php:336
Stack trace:
#0 /var/www/reader/ugur/yii-1.1.14.f0fee9/framework/web/CController.php(309): CController->invalidActionParams(Object(CInlineAction))
#1 /var/www/reader/ugur/yii-1.1.14.f0fee9/framework/web/CController.php(286): CController->runAction(Object(CInlineAction))
#2 /var/www/reader/ugur/yii-1.1.14.f0fee9/framework/web/CController.php(265): CController->runActionWithFilters(Object(CInlineAction), Array)
#3 /var/www/reader/ugur/yii-1.1.14.f0fee9/framework/web/CWebApplication.php(282): CController->run('file')
#4 /var/www/reader/ugur/yii-1.1.14.f0fee9/framework/web/CWebApplication.php(141): CWebApplication->runController('content/file/8t...')
#5 /var/www/reader/ugur/yii-1.1.14.f0fee9/framework/base/CApplication.php(180): CWebApplication->processRequest()
#6 /var/www/reader/ugur/index.php(15): CApplication->run()
#7 {main}
REQUEST_URI=/ugur/index.php/content/file/8tNMdTHiaq5W1C3L41Y9YxykT1rzPj4b1tEIQOxx8HNq/webfonts/exo.css
HTTP_REFERER=http://reader.lindneo.com/ugur/index.php/content/file/8tNMdTHiaq5W1C3L41Y9YxykT1rzPj4b1tEIQOxx8HNq/tFGWDws3hPHfFlPoI5X0svRPSOwXJs9SRTQTFIsLzzeJ.html
---
2014/02/04 12:10:53 [error] [exception.CHttpException.400] exception 'CHttpException' with message 'Your request is invalid.' in /var/www/reader/ugur/yii-1.1.14.f0fee9/framework/web/CController.php:336
Stack trace:
#0 /var/www/reader/ugur/yii-1.1.14.f0fee9/framework/web/CController.php(309): CController->invalidActionParams(Object(CInlineAction))
#1 /var/www/reader/ugur/yii-1.1.14.f0fee9/framework/web/CController.php(286): CController->runAction(Object(CInlineAction))
#2 /var/www/reader/ugur/yii-1.1.14.f0fee9/framework/web/CController.php(265): CController->runActionWithFilters(Object(CInlineAction), Array)
#3 /var/www/reader/ugur/yii-1.1.14.f0fee9/framework/web/CWebApplication.php(282): CController->run('file')
#4 /var/www/reader/ugur/yii-1.1.14.f0fee9/framework/web/CWebApplication.php(141): CWebApplication->runController('content/file/8t...')
#5 /var/www/reader/ugur/yii-1.1.14.f0fee9/framework/base/CApplication.php(180): CWebApplication->processRequest()
#6 /var/www/reader/ugur/index.php(15): CApplication->run()
#7 {main}
REQUEST_URI=/ugur/index.php/content/file/8tNMdTHiaq5W1C3L41Y9YxykT1rzPj4b1tEIQOxx8HNq/webfonts/alexbrush-regular.css
HTTP_REFERER=http://reader.lindneo.com/ugur/index.php/content/file/8tNMdTHiaq5W1C3L41Y9YxykT1rzPj4b1tEIQOxx8HNq/1cqXgKffG441xkNY7O78ipXw6k8lJm5VVm235hs9wRHc.html
---
2014/02/04 12:10:53 [error] [exception.CHttpException.400] exception 'CHttpException' with message 'Your request is invalid.' in /var/www/reader/ugur/yii-1.1.14.f0fee9/framework/web/CController.php:336
Stack trace:
#0 /var/www/reader/ugur/yii-1.1.14.f0fee9/framework/web/CController.php(309): CController->invalidActionParams(Object(CInlineAction))
#1 /var/www/reader/ugur/yii-1.1.14.f0fee9/framework/web/CController.php(286): CController->runAction(Object(CInlineAction))
#2 /var/www/reader/ugur/yii-1.1.14.f0fee9/framework/web/CController.php(265): CController->runActionWithFilters(Object(CInlineAction), Array)
#3 /var/www/reader/ugur/yii-1.1.14.f0fee9/framework/web/CWebApplication.php(282): CController->run('file')
#4 /var/www/reader/ugur/yii-1.1.14.f0fee9/framework/web/CWebApplication.php(141): CWebApplication->runController('content/file/8t...')
#5 /var/www/reader/ugur/yii-1.1.14.f0fee9/framework/base/CApplication.php(180): CWebApplication->processRequest()
#6 /var/www/reader/ugur/index.php(15): CApplication->run()
#7 {main}
REQUEST_URI=/ugur/index.php/content/file/8tNMdTHiaq5W1C3L41Y9YxykT1rzPj4b1tEIQOxx8HNq/webfonts/sourcesanspro.css
HTTP_REFERER=http://reader.lindneo.com/ugur/index.php/content/file/8tNMdTHiaq5W1C3L41Y9YxykT1rzPj4b1tEIQOxx8HNq/1cqXgKffG441xkNY7O78ipXw6k8lJm5VVm235hs9wRHc.html
---
2014/02/04 12:10:53 [error] [exception.CHttpException.400] exception 'CHttpException' with message 'Your request is invalid.' in /var/www/reader/ugur/yii-1.1.14.f0fee9/framework/web/CController.php:336
Stack trace:
#0 /var/www/reader/ugur/yii-1.1.14.f0fee9/framework/web/CController.php(309): CController->invalidActionParams(Object(CInlineAction))
#1 /var/www/reader/ugur/yii-1.1.14.f0fee9/framework/web/CController.php(286): CController->runAction(Object(CInlineAction))
#2 /var/www/reader/ugur/yii-1.1.14.f0fee9/framework/web/CController.php(265): CController->runActionWithFilters(Object(CInlineAction), Array)
#3 /var/www/reader/ugur/yii-1.1.14.f0fee9/framework/web/CWebApplication.php(282): CController->run('file')
#4 /var/www/reader/ugur/yii-1.1.14.f0fee9/framework/web/CWebApplication.php(141): CWebApplication->runController('content/file/8t...')
#5 /var/www/reader/ugur/yii-1.1.14.f0fee9/framework/base/CApplication.php(180): CWebApplication->processRequest()
#6 /var/www/reader/ugur/index.php(15): CApplication->run()
#7 {main}
REQUEST_URI=/ugur/index.php/content/file/8tNMdTHiaq5W1C3L41Y9YxykT1rzPj4b1tEIQOxx8HNq/webfonts/exo.css
HTTP_REFERER=http://reader.lindneo.com/ugur/index.php/content/file/8tNMdTHiaq5W1C3L41Y9YxykT1rzPj4b1tEIQOxx8HNq/1cqXgKffG441xkNY7O78ipXw6k8lJm5VVm235hs9wRHc.html
---
2014/02/04 12:10:53 [error] [exception.CHttpException.400] exception 'CHttpException' with message 'Your request is invalid.' in /var/www/reader/ugur/yii-1.1.14.f0fee9/framework/web/CController.php:336
Stack trace:
#0 /var/www/reader/ugur/yii-1.1.14.f0fee9/framework/web/CController.php(309): CController->invalidActionParams(Object(CInlineAction))
#1 /var/www/reader/ugur/yii-1.1.14.f0fee9/framework/web/CController.php(286): CController->runAction(Object(CInlineAction))
#2 /var/www/reader/ugur/yii-1.1.14.f0fee9/framework/web/CController.php(265): CController->runActionWithFilters(Object(CInlineAction), Array)
#3 /var/www/reader/ugur/yii-1.1.14.f0fee9/framework/web/CWebApplication.php(282): CController->run('file')
#4 /var/www/reader/ugur/yii-1.1.14.f0fee9/framework/web/CWebApplication.php(141): CWebApplication->runController('content/file/8t...')
#5 /var/www/reader/ugur/yii-1.1.14.f0fee9/framework/base/CApplication.php(180): CWebApplication->processRequest()
#6 /var/www/reader/ugur/index.php(15): CApplication->run()
#7 {main}
REQUEST_URI=/ugur/index.php/content/file/8tNMdTHiaq5W1C3L41Y9YxykT1rzPj4b1tEIQOxx8HNq/webfonts/chunkfive.css
HTTP_REFERER=http://reader.lindneo.com/ugur/index.php/content/file/8tNMdTHiaq5W1C3L41Y9YxykT1rzPj4b1tEIQOxx8HNq/1cqXgKffG441xkNY7O78ipXw6k8lJm5VVm235hs9wRHc.html
---
2014/02/04 12:10:53 [error] [exception.CHttpException.400] exception 'CHttpException' with message 'Your request is invalid.' in /var/www/reader/ugur/yii-1.1.14.f0fee9/framework/web/CController.php:336
Stack trace:
#0 /var/www/reader/ugur/yii-1.1.14.f0fee9/framework/web/CController.php(309): CController->invalidActionParams(Object(CInlineAction))
#1 /var/www/reader/ugur/yii-1.1.14.f0fee9/framework/web/CController.php(286): CController->runAction(Object(CInlineAction))
#2 /var/www/reader/ugur/yii-1.1.14.f0fee9/framework/web/CController.php(265): CController->runActionWithFilters(Object(CInlineAction), Array)
#3 /var/www/reader/ugur/yii-1.1.14.f0fee9/framework/web/CWebApplication.php(282): CController->run('file')
#4 /var/www/reader/ugur/yii-1.1.14.f0fee9/framework/web/CWebApplication.php(141): CWebApplication->runController('content/file/8t...')
#5 /var/www/reader/ugur/yii-1.1.14.f0fee9/framework/base/CApplication.php(180): CWebApplication->processRequest()
#6 /var/www/reader/ugur/index.php(15): CApplication->run()
#7 {main}
REQUEST_URI=/ugur/index.php/content/file/8tNMdTHiaq5W1C3L41Y9YxykT1rzPj4b1tEIQOxx8HNq/webfonts/cantarell.css
HTTP_REFERER=http://reader.lindneo.com/ugur/index.php/content/file/8tNMdTHiaq5W1C3L41Y9YxykT1rzPj4b1tEIQOxx8HNq/1cqXgKffG441xkNY7O78ipXw6k8lJm5VVm235hs9wRHc.html
---
2014/02/04 12:10:53 [error] [exception.CHttpException.400] exception 'CHttpException' with message 'Your request is invalid.' in /var/www/reader/ugur/yii-1.1.14.f0fee9/framework/web/CController.php:336
Stack trace:
#0 /var/www/reader/ugur/yii-1.1.14.f0fee9/framework/web/CController.php(309): CController->invalidActionParams(Object(CInlineAction))
#1 /var/www/reader/ugur/yii-1.1.14.f0fee9/framework/web/CController.php(286): CController->runAction(Object(CInlineAction))
#2 /var/www/reader/ugur/yii-1.1.14.f0fee9/framework/web/CController.php(265): CController->runActionWithFilters(Object(CInlineAction), Array)
#3 /var/www/reader/ugur/yii-1.1.14.f0fee9/framework/web/CWebApplication.php(282): CController->run('file')
#4 /var/www/reader/ugur/yii-1.1.14.f0fee9/framework/web/CWebApplication.php(141): CWebApplication->runController('content/file/8t...')
#5 /var/www/reader/ugur/yii-1.1.14.f0fee9/framework/base/CApplication.php(180): CWebApplication->processRequest()
#6 /var/www/reader/ugur/index.php(15): CApplication->run()
#7 {main}
REQUEST_URI=/ugur/index.php/content/file/8tNMdTHiaq5W1C3L41Y9YxykT1rzPj4b1tEIQOxx8HNq/webfonts/aller.css
HTTP_REFERER=http://reader.lindneo.com/ugur/index.php/content/file/8tNMdTHiaq5W1C3L41Y9YxykT1rzPj4b1tEIQOxx8HNq/1cqXgKffG441xkNY7O78ipXw6k8lJm5VVm235hs9wRHc.html
---
2014/02/04 12:10:53 [error] [exception.CHttpException.400] exception 'CHttpException' with message 'Your request is invalid.' in /var/www/reader/ugur/yii-1.1.14.f0fee9/framework/web/CController.php:336
Stack trace:
#0 /var/www/reader/ugur/yii-1.1.14.f0fee9/framework/web/CController.php(309): CController->invalidActionParams(Object(CInlineAction))
#1 /var/www/reader/ugur/yii-1.1.14.f0fee9/framework/web/CController.php(286): CController->runAction(Object(CInlineAction))
#2 /var/www/reader/ugur/yii-1.1.14.f0fee9/framework/web/CController.php(265): CController->runActionWithFilters(Object(CInlineAction), Array)
#3 /var/www/reader/ugur/yii-1.1.14.f0fee9/framework/web/CWebApplication.php(282): CController->run('file')
#4 /var/www/reader/ugur/yii-1.1.14.f0fee9/framework/web/CWebApplication.php(141): CWebApplication->runController('content/file/8t...')
#5 /var/www/reader/ugur/yii-1.1.14.f0fee9/framework/base/CApplication.php(180): CWebApplication->processRequest()
#6 /var/www/reader/ugur/index.php(15): CApplication->run()
#7 {main}
REQUEST_URI=/ugur/index.php/content/file/8tNMdTHiaq5W1C3L41Y9YxykT1rzPj4b1tEIQOxx8HNq/webfonts/alexbrush-regular.css
HTTP_REFERER=http://reader.lindneo.com/ugur/index.php/content/file/8tNMdTHiaq5W1C3L41Y9YxykT1rzPj4b1tEIQOxx8HNq/OE1DlnB2wPvOjZfkHygaes5atk6SbGXoSulRXS9TaiNQ.html
---
2014/02/04 12:10:53 [error] [exception.CHttpException.400] exception 'CHttpException' with message 'Your request is invalid.' in /var/www/reader/ugur/yii-1.1.14.f0fee9/framework/web/CController.php:336
Stack trace:
#0 /var/www/reader/ugur/yii-1.1.14.f0fee9/framework/web/CController.php(309): CController->invalidActionParams(Object(CInlineAction))
#1 /var/www/reader/ugur/yii-1.1.14.f0fee9/framework/web/CController.php(286): CController->runAction(Object(CInlineAction))
#2 /var/www/reader/ugur/yii-1.1.14.f0fee9/framework/web/CController.php(265): CController->runActionWithFilters(Object(CInlineAction), Array)
#3 /var/www/reader/ugur/yii-1.1.14.f0fee9/framework/web/CWebApplication.php(282): CController->run('file')
#4 /var/www/reader/ugur/yii-1.1.14.f0fee9/framework/web/CWebApplication.php(141): CWebApplication->runController('content/file/8t...')
#5 /var/www/reader/ugur/yii-1.1.14.f0fee9/framework/base/CApplication.php(180): CWebApplication->processRequest()
#6 /var/www/reader/ugur/index.php(15): CApplication->run()
#7 {main}
REQUEST_URI=/ugur/index.php/content/file/8tNMdTHiaq5W1C3L41Y9YxykT1rzPj4b1tEIQOxx8HNq/webfonts/sourcesanspro.css
HTTP_REFERER=http://reader.lindneo.com/ugur/index.php/content/file/8tNMdTHiaq5W1C3L41Y9YxykT1rzPj4b1tEIQOxx8HNq/711K4bTFua3ose5VzuCYawmWGwyuqFA39dnzGcIDlyAH.html
---
2014/02/04 12:10:53 [error] [exception.CHttpException.400] exception 'CHttpException' with message 'Your request is invalid.' in /var/www/reader/ugur/yii-1.1.14.f0fee9/framework/web/CController.php:336
Stack trace:
#0 /var/www/reader/ugur/yii-1.1.14.f0fee9/framework/web/CController.php(309): CController->invalidActionParams(Object(CInlineAction))
#1 /var/www/reader/ugur/yii-1.1.14.f0fee9/framework/web/CController.php(286): CController->runAction(Object(CInlineAction))
#2 /var/www/reader/ugur/yii-1.1.14.f0fee9/framework/web/CController.php(265): CController->runActionWithFilters(Object(CInlineAction), Array)
#3 /var/www/reader/ugur/yii-1.1.14.f0fee9/framework/web/CWebApplication.php(282): CController->run('file')
#4 /var/www/reader/ugur/yii-1.1.14.f0fee9/framework/web/CWebApplication.php(141): CWebApplication->runController('content/file/8t...')
#5 /var/www/reader/ugur/yii-1.1.14.f0fee9/framework/base/CApplication.php(180): CWebApplication->processRequest()
#6 /var/www/reader/ugur/index.php(15): CApplication->run()
#7 {main}
REQUEST_URI=/ugur/index.php/content/file/8tNMdTHiaq5W1C3L41Y9YxykT1rzPj4b1tEIQOxx8HNq/webfonts/aller.css
HTTP_REFERER=http://reader.lindneo.com/ugur/index.php/content/file/8tNMdTHiaq5W1C3L41Y9YxykT1rzPj4b1tEIQOxx8HNq/711K4bTFua3ose5VzuCYawmWGwyuqFA39dnzGcIDlyAH.html
---
2014/02/04 12:10:53 [error] [exception.CHttpException.400] exception 'CHttpException' with message 'Your request is invalid.' in /var/www/reader/ugur/yii-1.1.14.f0fee9/framework/web/CController.php:336
Stack trace:
#0 /var/www/reader/ugur/yii-1.1.14.f0fee9/framework/web/CController.php(309): CController->invalidActionParams(Object(CInlineAction))
#1 /var/www/reader/ugur/yii-1.1.14.f0fee9/framework/web/CController.php(286): CController->runAction(Object(CInlineAction))
#2 /var/www/reader/ugur/yii-1.1.14.f0fee9/framework/web/CController.php(265): CController->runActionWithFilters(Object(CInlineAction), Array)
#3 /var/www/reader/ugur/yii-1.1.14.f0fee9/framework/web/CWebApplication.php(282): CController->run('file')
#4 /var/www/reader/ugur/yii-1.1.14.f0fee9/framework/web/CWebApplication.php(141): CWebApplication->runController('content/file/8t...')
#5 /var/www/reader/ugur/yii-1.1.14.f0fee9/framework/base/CApplication.php(180): CWebApplication->processRequest()
#6 /var/www/reader/ugur/index.php(15): CApplication->run()
#7 {main}
REQUEST_URI=/ugur/index.php/content/file/8tNMdTHiaq5W1C3L41Y9YxykT1rzPj4b1tEIQOxx8HNq/webfonts/cantarell.css
HTTP_REFERER=http://reader.lindneo.com/ugur/index.php/content/file/8tNMdTHiaq5W1C3L41Y9YxykT1rzPj4b1tEIQOxx8HNq/711K4bTFua3ose5VzuCYawmWGwyuqFA39dnzGcIDlyAH.html
---
2014/02/04 12:10:53 [error] [exception.CHttpException.400] exception 'CHttpException' with message 'Your request is invalid.' in /var/www/reader/ugur/yii-1.1.14.f0fee9/framework/web/CController.php:336
Stack trace:
#0 /var/www/reader/ugur/yii-1.1.14.f0fee9/framework/web/CController.php(309): CController->invalidActionParams(Object(CInlineAction))
#1 /var/www/reader/ugur/yii-1.1.14.f0fee9/framework/web/CController.php(286): CController->runAction(Object(CInlineAction))
#2 /var/www/reader/ugur/yii-1.1.14.f0fee9/framework/web/CController.php(265): CController->runActionWithFilters(Object(CInlineAction), Array)
#3 /var/www/reader/ugur/yii-1.1.14.f0fee9/framework/web/CWebApplication.php(282): CController->run('file')
#4 /var/www/reader/ugur/yii-1.1.14.f0fee9/framework/web/CWebApplication.php(141): CWebApplication->runController('content/file/8t...')
#5 /var/www/reader/ugur/yii-1.1.14.f0fee9/framework/base/CApplication.php(180): CWebApplication->processRequest()
#6 /var/www/reader/ugur/index.php(15): CApplication->run()
#7 {main}
REQUEST_URI=/ugur/index.php/content/file/8tNMdTHiaq5W1C3L41Y9YxykT1rzPj4b1tEIQOxx8HNq/webfonts/chunkfive.css
HTTP_REFERER=http://reader.lindneo.com/ugur/index.php/content/file/8tNMdTHiaq5W1C3L41Y9YxykT1rzPj4b1tEIQOxx8HNq/711K4bTFua3ose5VzuCYawmWGwyuqFA39dnzGcIDlyAH.html
---
2014/02/04 12:10:53 [error] [exception.CHttpException.400] exception 'CHttpException' with message 'Your request is invalid.' in /var/www/reader/ugur/yii-1.1.14.f0fee9/framework/web/CController.php:336
Stack trace:
#0 /var/www/reader/ugur/yii-1.1.14.f0fee9/framework/web/CController.php(309): CController->invalidActionParams(Object(CInlineAction))
#1 /var/www/reader/ugur/yii-1.1.14.f0fee9/framework/web/CController.php(286): CController->runAction(Object(CInlineAction))
#2 /var/www/reader/ugur/yii-1.1.14.f0fee9/framework/web/CController.php(265): CController->runActionWithFilters(Object(CInlineAction), Array)
#3 /var/www/reader/ugur/yii-1.1.14.f0fee9/framework/web/CWebApplication.php(282): CController->run('file')
#4 /var/www/reader/ugur/yii-1.1.14.f0fee9/framework/web/CWebApplication.php(141): CWebApplication->runController('content/file/8t...')
#5 /var/www/reader/ugur/yii-1.1.14.f0fee9/framework/base/CApplication.php(180): CWebApplication->processRequest()
#6 /var/www/reader/ugur/index.php(15): CApplication->run()
#7 {main}
REQUEST_URI=/ugur/index.php/content/file/8tNMdTHiaq5W1C3L41Y9YxykT1rzPj4b1tEIQOxx8HNq/webfonts/exo.css
HTTP_REFERER=http://reader.lindneo.com/ugur/index.php/content/file/8tNMdTHiaq5W1C3L41Y9YxykT1rzPj4b1tEIQOxx8HNq/711K4bTFua3ose5VzuCYawmWGwyuqFA39dnzGcIDlyAH.html
---
2014/02/04 12:10:53 [error] [exception.CHttpException.400] exception 'CHttpException' with message 'Your request is invalid.' in /var/www/reader/ugur/yii-1.1.14.f0fee9/framework/web/CController.php:336
Stack trace:
#0 /var/www/reader/ugur/yii-1.1.14.f0fee9/framework/web/CController.php(309): CController->invalidActionParams(Object(CInlineAction))
#1 /var/www/reader/ugur/yii-1.1.14.f0fee9/framework/web/CController.php(286): CController->runAction(Object(CInlineAction))
#2 /var/www/reader/ugur/yii-1.1.14.f0fee9/framework/web/CController.php(265): CController->runActionWithFilters(Object(CInlineAction), Array)
#3 /var/www/reader/ugur/yii-1.1.14.f0fee9/framework/web/CWebApplication.php(282): CController->run('file')
#4 /var/www/reader/ugur/yii-1.1.14.f0fee9/framework/web/CWebApplication.php(141): CWebApplication->runController('content/file/8t...')
#5 /var/www/reader/ugur/yii-1.1.14.f0fee9/framework/base/CApplication.php(180): CWebApplication->processRequest()
#6 /var/www/reader/ugur/index.php(15): CApplication->run()
#7 {main}
REQUEST_URI=/ugur/index.php/content/file/8tNMdTHiaq5W1C3L41Y9YxykT1rzPj4b1tEIQOxx8HNq/webfonts/sourcesanspro.css
HTTP_REFERER=http://reader.lindneo.com/ugur/index.php/content/file/8tNMdTHiaq5W1C3L41Y9YxykT1rzPj4b1tEIQOxx8HNq/711K4bTFua3ose5VzuCYawmWGwyuqFA39dnzGcIDlyAH.html
---
2014/02/04 12:10:53 [error] [exception.CHttpException.400] exception 'CHttpException' with message 'Your request is invalid.' in /var/www/reader/ugur/yii-1.1.14.f0fee9/framework/web/CController.php:336
Stack trace:
#0 /var/www/reader/ugur/yii-1.1.14.f0fee9/framework/web/CController.php(309): CController->invalidActionParams(Object(CInlineAction))
#1 /var/www/reader/ugur/yii-1.1.14.f0fee9/framework/web/CController.php(286): CController->runAction(Object(CInlineAction))
#2 /var/www/reader/ugur/yii-1.1.14.f0fee9/framework/web/CController.php(265): CController->runActionWithFilters(Object(CInlineAction), Array)
#3 /var/www/reader/ugur/yii-1.1.14.f0fee9/framework/web/CWebApplication.php(282): CController->run('file')
#4 /var/www/reader/ugur/yii-1.1.14.f0fee9/framework/web/CWebApplication.php(141): CWebApplication->runController('content/file/8t...')
#5 /var/www/reader/ugur/yii-1.1.14.f0fee9/framework/base/CApplication.php(180): CWebApplication->processRequest()
#6 /var/www/reader/ugur/index.php(15): CApplication->run()
#7 {main}
REQUEST_URI=/ugur/index.php/content/file/8tNMdTHiaq5W1C3L41Y9YxykT1rzPj4b1tEIQOxx8HNq/webfonts/alexbrush-regular.css
HTTP_REFERER=http://reader.lindneo.com/ugur/index.php/content/file/8tNMdTHiaq5W1C3L41Y9YxykT1rzPj4b1tEIQOxx8HNq/711K4bTFua3ose5VzuCYawmWGwyuqFA39dnzGcIDlyAH.html
---
2014/02/04 12:10:53 [error] [exception.CHttpException.400] exception 'CHttpException' with message 'Your request is invalid.' in /var/www/reader/ugur/yii-1.1.14.f0fee9/framework/web/CController.php:336
Stack trace:
#0 /var/www/reader/ugur/yii-1.1.14.f0fee9/framework/web/CController.php(309): CController->invalidActionParams(Object(CInlineAction))
#1 /var/www/reader/ugur/yii-1.1.14.f0fee9/framework/web/CController.php(286): CController->runAction(Object(CInlineAction))
#2 /var/www/reader/ugur/yii-1.1.14.f0fee9/framework/web/CController.php(265): CController->runActionWithFilters(Object(CInlineAction), Array)
#3 /var/www/reader/ugur/yii-1.1.14.f0fee9/framework/web/CWebApplication.php(282): CController->run('file')
#4 /var/www/reader/ugur/yii-1.1.14.f0fee9/framework/web/CWebApplication.php(141): CWebApplication->runController('content/file/8t...')
#5 /var/www/reader/ugur/yii-1.1.14.f0fee9/framework/base/CApplication.php(180): CWebApplication->processRequest()
#6 /var/www/reader/ugur/index.php(15): CApplication->run()
#7 {main}
REQUEST_URI=/ugur/index.php/content/file/8tNMdTHiaq5W1C3L41Y9YxykT1rzPj4b1tEIQOxx8HNq/webfonts/aller.css
HTTP_REFERER=http://reader.lindneo.com/ugur/index.php/content/file/8tNMdTHiaq5W1C3L41Y9YxykT1rzPj4b1tEIQOxx8HNq/711K4bTFua3ose5VzuCYawmWGwyuqFA39dnzGcIDlyAH.html
---
2014/02/04 12:10:53 [error] [exception.CHttpException.400] exception 'CHttpException' with message 'Your request is invalid.' in /var/www/reader/ugur/yii-1.1.14.f0fee9/framework/web/CController.php:336
Stack trace:
#0 /var/www/reader/ugur/yii-1.1.14.f0fee9/framework/web/CController.php(309): CController->invalidActionParams(Object(CInlineAction))
#1 /var/www/reader/ugur/yii-1.1.14.f0fee9/framework/web/CController.php(286): CController->runAction(Object(CInlineAction))
#2 /var/www/reader/ugur/yii-1.1.14.f0fee9/framework/web/CController.php(265): CController->runActionWithFilters(Object(CInlineAction), Array)
#3 /var/www/reader/ugur/yii-1.1.14.f0fee9/framework/web/CWebApplication.php(282): CController->run('file')
#4 /var/www/reader/ugur/yii-1.1.14.f0fee9/framework/web/CWebApplication.php(141): CWebApplication->runController('content/file/8t...')
#5 /var/www/reader/ugur/yii-1.1.14.f0fee9/framework/base/CApplication.php(180): CWebApplication->processRequest()
#6 /var/www/reader/ugur/index.php(15): CApplication->run()
#7 {main}
REQUEST_URI=/ugur/index.php/content/file/8tNMdTHiaq5W1C3L41Y9YxykT1rzPj4b1tEIQOxx8HNq/webfonts/cantarell.css
HTTP_REFERER=http://reader.lindneo.com/ugur/index.php/content/file/8tNMdTHiaq5W1C3L41Y9YxykT1rzPj4b1tEIQOxx8HNq/711K4bTFua3ose5VzuCYawmWGwyuqFA39dnzGcIDlyAH.html
---
2014/02/04 12:10:53 [error] [exception.CHttpException.400] exception 'CHttpException' with message 'Your request is invalid.' in /var/www/reader/ugur/yii-1.1.14.f0fee9/framework/web/CController.php:336
Stack trace:
#0 /var/www/reader/ugur/yii-1.1.14.f0fee9/framework/web/CController.php(309): CController->invalidActionParams(Object(CInlineAction))
#1 /var/www/reader/ugur/yii-1.1.14.f0fee9/framework/web/CController.php(286): CController->runAction(Object(CInlineAction))
#2 /var/www/reader/ugur/yii-1.1.14.f0fee9/framework/web/CController.php(265): CController->runActionWithFilters(Object(CInlineAction), Array)
#3 /var/www/reader/ugur/yii-1.1.14.f0fee9/framework/web/CWebApplication.php(282): CController->run('file')
#4 /var/www/reader/ugur/yii-1.1.14.f0fee9/framework/web/CWebApplication.php(141): CWebApplication->runController('content/file/8t...')
#5 /var/www/reader/ugur/yii-1.1.14.f0fee9/framework/base/CApplication.php(180): CWebApplication->processRequest()
#6 /var/www/reader/ugur/index.php(15): CApplication->run()
#7 {main}
REQUEST_URI=/ugur/index.php/content/file/8tNMdTHiaq5W1C3L41Y9YxykT1rzPj4b1tEIQOxx8HNq/webfonts/exo.css
HTTP_REFERER=http://reader.lindneo.com/ugur/index.php/content/file/8tNMdTHiaq5W1C3L41Y9YxykT1rzPj4b1tEIQOxx8HNq/711K4bTFua3ose5VzuCYawmWGwyuqFA39dnzGcIDlyAH.html
---
2014/02/04 12:10:54 [error] [exception.CHttpException.400] exception 'CHttpException' with message 'Your request is invalid.' in /var/www/reader/ugur/yii-1.1.14.f0fee9/framework/web/CController.php:336
Stack trace:
#0 /var/www/reader/ugur/yii-1.1.14.f0fee9/framework/web/CController.php(309): CController->invalidActionParams(Object(CInlineAction))
#1 /var/www/reader/ugur/yii-1.1.14.f0fee9/framework/web/CController.php(286): CController->runAction(Object(CInlineAction))
#2 /var/www/reader/ugur/yii-1.1.14.f0fee9/framework/web/CController.php(265): CController->runActionWithFilters(Object(CInlineAction), Array)
#3 /var/www/reader/ugur/yii-1.1.14.f0fee9/framework/web/CWebApplication.php(282): CController->run('file')
#4 /var/www/reader/ugur/yii-1.1.14.f0fee9/framework/web/CWebApplication.php(141): CWebApplication->runController('content/file/8t...')
#5 /var/www/reader/ugur/yii-1.1.14.f0fee9/framework/base/CApplication.php(180): CWebApplication->processRequest()
#6 /var/www/reader/ugur/index.php(15): CApplication->run()
#7 {main}
REQUEST_URI=/ugur/index.php/content/file/8tNMdTHiaq5W1C3L41Y9YxykT1rzPj4b1tEIQOxx8HNq/webfonts/chunkfive.css
HTTP_REFERER=http://reader.lindneo.com/ugur/index.php/content/file/8tNMdTHiaq5W1C3L41Y9YxykT1rzPj4b1tEIQOxx8HNq/711K4bTFua3ose5VzuCYawmWGwyuqFA39dnzGcIDlyAH.html
---
